Arguments: 
  C:\Program Files\nodejs\node.exe C:\Users\slawtonadmin\AppData\Roaming\npm\node_modules\yarn\bin\yarn.js init

PATH: 
  C:\Program Files\PHP\v7.2;C:\Windows\system32;C:\Windows;C:\Windows\System32\Wbem;C:\Windows\System32\WindowsPowerShell\v1.0\;C:\ProgramData\chocolatey\bin;C:\Program Files\Microsoft\Web Platform Installer\;C:\Users\sweimeradmin\AppData\Local\Microsoft\WindowsApps;C:\Users\slawtonadmin\AppData\Roaming\Microsoft\Windows\Start Menu\Programs\Python 3.8;C:\Program Files\Git\cmd;C:\Program Files\nodejs\;C:\ProgramData\ComposerSetup\bin;C:\Users\slawtonadmin\AppData\Local\Programs\Python\Python38-32\Scripts\;C:\Users\slawtonadmin\AppData\Local\Programs\Python\Python38-32\;C:\Users\slawtonadmin\AppData\Local\Microsoft\WindowsApps;C:\dev\webscrape-venv\chromedriver.exe;C:\Users\slawtonadmin\AppData\Roaming\npm;C:\Users\slawtonadmin\AppData\Roaming\Composer\vendor\bin;C:\Users\slawtonadmin\AppData\Local\Programs\Microsoft VS Code\bin

Yarn version: 
  1.22.17

Node version: 
  14.15.5

Platform: 
  win32 x64

Trace: 
  Error: canceled
      at Interface.<anonymous> (C:\Users\slawtonadmin\AppData\Roaming\npm\node_modules\yarn\lib\cli.js:137143:13)
      at Interface.emit (events.js:315:20)
      at Interface._ttyWrite (readline.js:875:16)
      at ReadStream.onkeypress (readline.js:213:10)
      at ReadStream.emit (events.js:315:20)
      at emitKeys (internal/readline/utils.js:345:14)
      at emitKeys.next (<anonymous>)
      at ReadStream.onData (readline.js:1144:36)
      at ReadStream.emit (events.js:315:20)
      at addChunk (internal/streams/readable.js:309:12)

npm manifest: 
  No manifest

yarn manifest: 
  No manifest

Lockfile: 
  No lockfile
